{"name": "Ошибка при приёме заказа с неверным id заказа", "status": "failed", "statusDetails": {"message": "AssertionError: assert {'code': 404,...е существует'} == {'message': '...е существует'}\n  \n  Omitting 1 identical items, use -vv to show\n  Left contains 1 more item:\n  \u001b[0m{\u001b[33m'\u001b[39;49;00m\u001b[33mcode\u001b[39;49;00m\u001b[33m'\u001b[39;49;00m: \u001b[94m404\u001b[39;49;00m}\u001b[90m\u001b[39;49;00m\n  \n  Full diff:\n  \u001b[0m\u001b[90m \u001b[39;49;00m {\u001b[90m\u001b[39;49;00m...\n  \n  ...Full output truncated (3 lines hidden), use '-vv' to show", "trace": "self = <test_accept_order.TestAcceptOrder object at 0x0000027B3E444CE0>, login_courier = <Response [200]>\n\n    @allure.title(\"Ошибка при приёме заказа с неверным id заказа\")\n    def test_accept_order_with_invalid_order_id_returns_error(self, login_courier):\n        courier_id = login_courier.json()[\"id\"]\n        order_id = randint(1000000, 9999999)\n        params = {\"courierId\": courier_id}\n    \n        response = requests.put(f\"{ACCEPT_ORDER}{order_id}\", params=params)\n    \n        assert response.status_code == 404\n>       assert response.json() == ExpectedResponses.ORDER_ID_NOT_FOUND\nE       AssertionError: assert {'code': 404,...е существует'} == {'message': '...е существует'}\nE         \nE         Omitting 1 identical items, use -vv to show\nE         Left contains 1 more item:\nE         \u001b[0m{\u001b[33m'\u001b[39;49;00m\u001b[33mcode\u001b[39;49;00m\u001b[33m'\u001b[39;49;00m: \u001b[94m404\u001b[39;49;00m}\u001b[90m\u001b[39;49;00m\nE         \nE         Full diff:\nE         \u001b[0m\u001b[90m \u001b[39;49;00m {\u001b[90m\u001b[39;49;00m...\nE         \nE         ...Full output truncated (3 lines hidden), use '-vv' to show\n\ntests\\test_accept_order.py:67: AssertionError"}, "start": 1758362150721, "stop": 1758362150931, "uuid": "f9a4c61a-161b-4a03-bd06-b1e0924c9f46", "historyId": "2ca3d51b78196e77375522a0ae1107ec", "testCaseId": "2ca3d51b78196e77375522a0ae1107ec", "fullName": "tests.test_accept_order.TestAcceptOrder#test_accept_order_with_invalid_order_id_returns_error", "labels": [{"name": "feature", "value": "Принять заказа"}, {"name": "parentSuite", "value": "tests"}, {"name": "suite", "value": "test_accept_order"}, {"name": "subSuite", "value": "TestAcceptOrder"}, {"name": "host", "value": "ADIZERKO"}, {"name": "thread", "value": "15268-MainThread"}, {"name": "framework", "value": "pytest"}, {"name": "language", "value": "cpython3"}, {"name": "package", "value": "tests.test_accept_order"}], "titlePath": ["tests", "test_accept_order.py", "TestAcceptOrder"]}