{"name": "Ошибка при приёме заказа без id заказа", "status": "failed", "statusDetails": {"message": "AssertionError: assert 404 == 400\n +  where 404 = <Response [404]>.status_code", "trace": "self = <test_accept_order.TestAcceptOrder object at 0x0000027B3E444B90>, login_courier = <Response [200]>\n\n    @allure.title(\"Ошибка при приёме заказа без id заказа\")\n    def test_accept_order_without_order_id_returns_error(self, login_courier):\n        courier_id = login_courier.json()[\"id\"]\n        params = {\"courierId\": courier_id}\n    \n        response = requests.put(f\"{ACCEPT_ORDER}\", params=params)\n    \n>       assert response.status_code == 400\nE       assert 404 == 400\nE        +  where 404 = <Response [404]>.status_code\n\ntests\\test_accept_order.py:55: AssertionError"}, "start": 1758362149625, "stop": 1758362149812, "uuid": "a6c37283-3d63-4ecc-b64d-e963c956e96b", "historyId": "6281738d48568d5170f1e96baf05e16a", "testCaseId": "6281738d48568d5170f1e96baf05e16a", "fullName": "tests.test_accept_order.TestAcceptOrder#test_accept_order_without_order_id_returns_error", "labels": [{"name": "feature", "value": "Принять заказа"}, {"name": "parentSuite", "value": "tests"}, {"name": "suite", "value": "test_accept_order"}, {"name": "subSuite", "value": "TestAcceptOrder"}, {"name": "host", "value": "ADIZERKO"}, {"name": "thread", "value": "15268-MainThread"}, {"name": "framework", "value": "pytest"}, {"name": "language", "value": "cpython3"}, {"name": "package", "value": "tests.test_accept_order"}], "titlePath": ["tests", "test_accept_order.py", "TestAcceptOrder"]}