{"name": "Нельзя создать курьера без обязательных полей", "status": "failed", "statusDetails": {"message": "AssertionError: assert {'code': 400,...етной записи'} == {'message': '...етной записи'}\n  \n  Omitting 1 identical items, use -vv to show\n  Left contains 1 more item:\n  \u001b[0m{\u001b[33m'\u001b[39;49;00m\u001b[33mcode\u001b[39;49;00m\u001b[33m'\u001b[39;49;00m: \u001b[94m400\u001b[39;49;00m}\u001b[90m\u001b[39;49;00m\n  \n  Full diff:\n  \u001b[0m\u001b[90m \u001b[39;49;00m {\u001b[90m\u001b[39;49;00m...\n  \n  ...Full output truncated (3 lines hidden), use '-vv' to show", "trace": "self = <test_create_courier.TestCreateCourier object at 0x0000027B3E4452E0>, payload = {'firstName': 'Панкрат', 'login': 'glafira_1974'}\n\n    @allure.title(\"Нельзя создать курьера без обязательных полей\")\n    @pytest.mark.parametrize(\n        \"payload\",\n        [Payloads.missing_login, Payloads.missing_password],\n    )\n    def test_cannot_create_courier_without_required_fields(self, payload):\n        response = requests.post(CREATE_COURIER, json=payload)\n    \n        assert response.status_code == 400\n>       assert response.json() == ExpectedResponses.INSUFFICIENT_DATA\nE       AssertionError: assert {'code': 400,...етной записи'} == {'message': '...етной записи'}\nE         \nE         Omitting 1 identical items, use -vv to show\nE         Left contains 1 more item:\nE         \u001b[0m{\u001b[33m'\u001b[39;49;00m\u001b[33mcode\u001b[39;49;00m\u001b[33m'\u001b[39;49;00m: \u001b[94m400\u001b[39;49;00m}\u001b[90m\u001b[39;49;00m\nE         \nE         Full diff:\nE         \u001b[0m\u001b[90m \u001b[39;49;00m {\u001b[90m\u001b[39;49;00m...\nE         \nE         ...Full output truncated (3 lines hidden), use '-vv' to show\n\ntests\\test_create_courier.py:44: AssertionError"}, "parameters": [{"name": "payload", "value": "{'login': 'glafira_1974', 'firstName': 'Панкрат'}"}], "start": 1758362152675, "stop": 1758362152876, "uuid": "189eb5fb-c524-43f6-9857-c44f17d185dc", "historyId": "f3fb113af16e81efb5435d874c4b785c", "testCaseId": "87e072bcd17725326b2288a316f9c75a", "fullName": "tests.test_create_courier.TestCreateCourier#test_cannot_create_courier_without_required_fields", "labels": [{"name": "feature", "value": "Создание курьера"}, {"name": "parentSuite", "value": "tests"}, {"name": "suite", "value": "test_create_courier"}, {"name": "subSuite", "value": "TestCreateCourier"}, {"name": "host", "value": "ADIZERKO"}, {"name": "thread", "value": "15268-MainThread"}, {"name": "framework", "value": "pytest"}, {"name": "language", "value": "cpython3"}, {"name": "package", "value": "tests.test_create_courier"}], "titlePath": ["tests", "test_create_courier.py", "TestCreateCourier"]}