{"name": "Ошибка при приёме заказа без id курьера", "status": "failed", "statusDetails": {"message": "AssertionError: assert {'code': 400,...х для поиска'} == {'message': '...х для поиска'}\n  \n  Omitting 1 identical items, use -vv to show\n  Left contains 1 more item:\n  \u001b[0m{\u001b[33m'\u001b[39;49;00m\u001b[33mcode\u001b[39;49;00m\u001b[33m'\u001b[39;49;00m: \u001b[94m400\u001b[39;49;00m}\u001b[90m\u001b[39;49;00m\n  \n  Full diff:\n  \u001b[0m\u001b[90m \u001b[39;49;00m {\u001b[90m\u001b[39;49;00m...\n  \n  ...Full output truncated (3 lines hidden), use '-vv' to show", "trace": "self = <test_accept_order.TestAcceptOrder object at 0x0000027B3E41C1A0>, login_courier = <Response [200]>, create_order_and_get_id = 543703\n\n    @allure.title(\"Ошибка при приёме заказа без id курьера\")\n    def test_accept_order_without_courier_id_returns_error(\n        self, login_courier, create_order_and_get_id\n    ):\n        order_id = create_order_and_get_id\n        response = requests.put(f\"{ACCEPT_ORDER}{order_id}\")\n    \n        assert response.status_code == 400\n>       assert response.json() == ExpectedResponses.INSUFFICIENT_DATA_FOR_SEARCH\nE       AssertionError: assert {'code': 400,...х для поиска'} == {'message': '...х для поиска'}\nE         \nE         Omitting 1 identical items, use -vv to show\nE         Left contains 1 more item:\nE         \u001b[0m{\u001b[33m'\u001b[39;49;00m\u001b[33mcode\u001b[39;49;00m\u001b[33m'\u001b[39;49;00m: \u001b[94m400\u001b[39;49;00m}\u001b[90m\u001b[39;49;00m\nE         \nE         Full diff:\nE         \u001b[0m\u001b[90m \u001b[39;49;00m {\u001b[90m\u001b[39;49;00m...\nE         \nE         ...Full output truncated (3 lines hidden), use '-vv' to show\n\ntests\\test_accept_order.py:33: AssertionError"}, "start": 1758362147964, "stop": 1758362148200, "uuid": "c9dc1003-6be4-45d7-b7a1-2e729b96b570", "historyId": "279ceda6fdef1e0154f1188192fa8177", "testCaseId": "279ceda6fdef1e0154f1188192fa8177", "fullName": "tests.test_accept_order.TestAcceptOrder#test_accept_order_without_courier_id_returns_error", "labels": [{"name": "feature", "value": "Принять заказа"}, {"name": "parentSuite", "value": "tests"}, {"name": "suite", "value": "test_accept_order"}, {"name": "subSuite", "value": "TestAcceptOrder"}, {"name": "host", "value": "ADIZERKO"}, {"name": "thread", "value": "15268-MainThread"}, {"name": "framework", "value": "pytest"}, {"name": "language", "value": "cpython3"}, {"name": "package", "value": "tests.test_accept_order"}], "titlePath": ["tests", "test_accept_order.py", "TestAcceptOrder"]}