{"name": "Ошибка при входе без обязательных полей", "status": "failed", "statusDetails": {"message": "AssertionError: assert 504 == 400\n +  where 504 = <Response [504]>.status_code", "trace": "self = <test_login_courier.TestLoginCourier object at 0x0000027B3E4475F0>, payload = {'login': 'kirill60'}\n\n    @allure.title(\"Ошибка при входе без обязательных полей\")\n    @pytest.mark.parametrize(\n        \"payload\",\n        [Payloads.login_missing, Payloads.password_missing],\n    )\n    def test_courier_login_without_required_fields(self, payload):\n        response = requests.post(LOGIN_COURIER, json=payload)\n    \n>       assert response.status_code == 400\nE       assert 504 == 400\nE        +  where 504 = <Response [504]>.status_code\n\ntests\\test_login_courier.py:33: AssertionError"}, "parameters": [{"name": "payload", "value": "{'login': 'kirill60'}"}], "start": 1758362165416, "stop": 1758362225622, "uuid": "dadb50c0-b211-4d2c-815d-99d1fa0356f2", "historyId": "0a8f1550e1148ba4f06b6c98c6ba56e8", "testCaseId": "9e665ec905e49521eed9f1cba037b7a3", "fullName": "tests.test_login_courier.TestLoginCourier#test_courier_login_without_required_fields", "labels": [{"name": "feature", "value": "Логин курьера"}, {"name": "parentSuite", "value": "tests"}, {"name": "suite", "value": "test_login_courier"}, {"name": "subSuite", "value": "TestLoginCourier"}, {"name": "host", "value": "ADIZERKO"}, {"name": "thread", "value": "15268-MainThread"}, {"name": "framework", "value": "pytest"}, {"name": "language", "value": "cpython3"}, {"name": "package", "value": "tests.test_login_courier"}], "titlePath": ["tests", "test_login_courier.py", "TestLoginCourier"]}